C:\ADRMine-master\ADRMine-master\release\v1\java_src>java -jar bazel-bin/ADRMine/adrmine_deploy.jar -dbName ADRMineDB -dbUser root -dbPass 12345 -docs tweets_ID.tsv -corpusName twitter1 -crfPath C:\Users\37576\_bazel_37576\rhsh55rg\execroot\__main__\ADRMine\classifier\crfsuite-0.12-2\bin\crfsuite -forTwitter true
ьр  08, 2020 2:26:59 AM org.hibernate.annotations.common.Version <clinit>
INFO: HCANN000001: Hibernate Commons Annotations {4.0.1.Final}
ьр  08, 2020 2:26:59 AM org.hibernate.Version logVersion
INFO: HHH000412: Hibernate Core {4.1.3.Final}
ьр  08, 2020 2:26:59 AM org.hibernate.cfg.Environment <clinit>
INFO: HHH000206: hibernate.properties not found
ьр  08, 2020 2:26:59 AM org.hibernate.cfg.Environment buildBytecodeProvider
INFO: HHH000021: Bytecode provider name : javassist
ьр  08, 2020 2:26:59 AM org.hibernate.cfg.Configuration configure
INFO: HHH000043: Configuring from resource: /hibernate.cfg.xml
ьр  08, 2020 2:26:59 AM org.hibernate.cfg.Configuration getConfigurationInputStream
INFO: HHH000040: Configuration resource: /hibernate.cfg.xml
WARNING: An illegal reflective access operation has occurred
WARNING: Illegal reflective access by org.dom4j.io.SAXContentHandler (file:/C:/ADRMine-master/ADRMine-master/release/v1/java_src/bazel-bin/ADRMine/adrmine_deploy.jar) to method com.sun.org.apache.xerces.internal.parsers.AbstractSAXParser$LocatorProxy.getEncoding()
WARNING: Please consider reporting this to the maintainers of org.dom4j.io.SAXContentHandler
WARNING: Use --illegal-access=warn to enable warnings of further illegal reflective access operations
WARNING: All illegal access operations will be denied in a future release
ьр  08, 2020 2:26:59 AM org.hibernate.cfg.Configuration doConfigure
INFO: HHH000041: Configured SessionFactory: null
ьр  08, 2020 2:26:59 AM org.hibernate.service.jdbc.connections.internal.DriverManagerConnectionProviderImpl configure
INFO: HHH000402: Using Hibernate built-in connection pool (not for production use!)
ьр  08, 2020 2:26:59 AM org.hibernate.service.jdbc.connections.internal.DriverManagerConnectionProviderImpl configure
INFO: HHH000115: Hibernate connection pool size: 100
ьр  08, 2020 2:26:59 AM org.hibernate.service.jdbc.connections.internal.DriverManagerConnectionProviderImpl configure
INFO: HHH000006: Autocommit mode: false
ьр  08, 2020 2:26:59 AM org.hibernate.service.jdbc.connections.internal.DriverManagerConnectionProviderImpl configure
INFO: HHH000401: using driver [com.mysql.jdbc.Driver] at URL [jdbc:mysql://localhost/ADRMineDB]
ьр  08, 2020 2:26:59 AM org.hibernate.service.jdbc.connections.internal.DriverManagerConnectionProviderImpl configure
INFO: HHH000046: Connection properties: {password=****, user=user}
ьр  08, 2020 2:26:59 AM org.hibernate.engine.jdbc.internal.JdbcServicesImpl configure
WARN: HHH000342: Could not obtain connection to query metadata : Access denied for user 'user'@'localhost' (using password: YES)
ьр  08, 2020 2:26:59 AM org.hibernate.dialect.Dialect <init>
INFO: HHH000400: Using dialect: org.hibernate.dialect.MySQLDialect
ьр  08, 2020 2:26:59 AM org.hibernate.engine.jdbc.internal.LobCreatorBuilder useContextualLobCreation
INFO: HHH000422: Disabling contextual LOB creation as connection was null
ьр  08, 2020 2:26:59 AM org.hibernate.engine.transaction.internal.TransactionFactoryInitiator initiateService
INFO: HHH000399: Using default transaction strategy (direct JDBC transactions)
ьр  08, 2020 2:26:59 AM org.hibernate.hql.internal.ast.ASTQueryTranslatorFactory <init>
INFO: HHH000397: Using ASTQueryTranslatorFactory
ьр  08, 2020 2:27:00 AM org.hibernate.cfg.Configuration configure
INFO: HHH000043: Configuring from resource: /hibernate.cfg.xml
ьр  08, 2020 2:27:00 AM org.hibernate.cfg.Configuration getConfigurationInputStream
INFO: HHH000040: Configuration resource: /hibernate.cfg.xml
ьр  08, 2020 2:27:00 AM org.hibernate.cfg.Configuration doConfigure
INFO: HHH000041: Configured SessionFactory: null
ьр  08, 2020 2:27:00 AM org.hibernate.service.jdbc.connections.internal.DriverManagerConnectionProviderImpl configure
INFO: HHH000402: Using Hibernate built-in connection pool (not for production use!)
ьр  08, 2020 2:27:00 AM org.hibernate.service.jdbc.connections.internal.DriverManagerConnectionProviderImpl configure
INFO: HHH000115: Hibernate connection pool size: 100
ьр  08, 2020 2:27:00 AM org.hibernate.service.jdbc.connections.internal.DriverManagerConnectionProviderImpl configure
INFO: HHH000006: Autocommit mode: false
ьр  08, 2020 2:27:00 AM org.hibernate.service.jdbc.connections.internal.DriverManagerConnectionProviderImpl configure
INFO: HHH000401: using driver [com.mysql.jdbc.Driver] at URL [jdbc:mysql://localhost/ADRMineDB]
ьр  08, 2020 2:27:00 AM org.hibernate.service.jdbc.connections.internal.DriverManagerConnectionProviderImpl configure
INFO: HHH000046: Connection properties: {password=****, user=root}
ьр  08, 2020 2:27:00 AM org.hibernate.dialect.Dialect <init>
INFO: HHH000400: Using dialect: org.hibernate.dialect.MySQLDialect
ьр  08, 2020 2:27:00 AM org.hibernate.engine.transaction.internal.TransactionFactoryInitiator initiateService
INFO: HHH000399: Using default transaction strategy (direct JDBC transactions)
ьр  08, 2020 2:27:00 AM org.hibernate.hql.internal.ast.ASTQueryTranslatorFactory <init>
INFO: HHH000397: Using ASTQueryTranslatorFactory
-------- testing ---------